2014-08-06 14:26:08 [CLIENT] [INFO] Setting user: seniorsimo
2014-08-06 14:26:08 [CLIENT] [INFO] (Session ID is null)
2014-08-06 14:26:08 [CLIENT] [INFO] LWJGL Version: 2.9.1
2014-08-06 14:26:09 [CLIENT] [INFO] Reloading ResourceManager: Default
2014-08-06 14:26:11 [CLIENT] [SEVERE] Realms: Server not available!
2014-08-06 14:26:20 [CLIENT] [INFO] Stopping!
2014-08-06 14:28:56 [CLIENT] [INFO] Setting user: seniorsimo
2014-08-06 14:28:56 [CLIENT] [INFO] (Session ID is null)
2014-08-06 14:28:57 [CLIENT] [INFO] LWJGL Version: 2.9.1
2014-08-06 14:28:57 [CLIENT] [INFO] Reloading ResourceManager: Default
2014-08-06 14:29:00 [CLIENT] [SEVERE] Realms: Server not available!
2014-08-06 14:29:45 [CLIENT] [INFO] Stopping!
2014-08-06 14:34:30 [CLIENT] [INFO] Setting user: seniorsimo
2014-08-06 14:34:30 [CLIENT] [INFO] (Session ID is null)
2014-08-06 14:34:30 [CLIENT] [INFO] LWJGL Version: 2.9.1
2014-08-06 14:34:31 [CLIENT] [INFO] Reloading ResourceManager: Default
2014-08-06 14:34:33 [CLIENT] [SEVERE] Realms: Server not available!
2014-08-06 14:34:45 [CLIENT] [INFO] Stopping!
2014-08-06 14:53:32 [CLIENT] [INFO] Setting user: seniorsimo
2014-08-06 14:53:32 [CLIENT] [INFO] (Session ID is null)
2014-08-06 14:53:33 [CLIENT] [INFO] LWJGL Version: 2.9.1
2014-08-06 14:53:34 [CLIENT] [INFO] Reloading ResourceManager: Default
2014-08-06 14:53:36 [CLIENT] [SEVERE] Realms: Server not available!
2014-08-06 14:54:02 [CLIENT] [INFO] Stopping!
2014-08-06 14:57:03 [CLIENT] [INFO] Setting user: uid 294c588d44ea4324a389587f0e7f9d02
2014-08-06 14:57:03 [CLIENT] [INFO] (Session ID is null)
2014-08-06 14:57:04 [CLIENT] [INFO] LWJGL Version: 2.9.1
2014-08-06 14:57:05 [CLIENT] [INFO] Reloading ResourceManager: Default
2014-08-06 14:57:07 [CLIENT] [SEVERE] Realms: Server not available!
2014-08-06 14:57:45 [CLIENT] [INFO] Stopping!
2014-08-06 14:57:58 [CLIENT] [INFO] Setting user: seniorsimo
2014-08-06 14:57:58 [CLIENT] [INFO] (Session ID is null)
2014-08-06 14:57:58 [CLIENT] [INFO] LWJGL Version: 2.9.1
2014-08-06 14:57:59 [CLIENT] [INFO] Reloading ResourceManager: Default
2014-08-06 14:58:01 [CLIENT] [SEVERE] Realms: Server not available!
2014-08-06 14:58:06 [CLIENT] [INFO] Stopping!
